info it worked if it ends with ok
verbose cli [ 'node', '/usr/local/bin/npm', 'test' ]
info using npm@1.0.106
info using node@v0.4.7
verbose config file /Users/bdefore/.npmrc
verbose config file /Users/bdefore/.nave/installed/0.4.7/etc/npmrc
verbose config file /usr/local/lib/node_modules/npm/npmrc
silly testEngine { scripts: 
silly testEngine    { start: 'src/helloworld.js',
silly testEngine      test: 'vows test/* --spec' },
silly testEngine   dependencies: { vows: '*' },
silly testEngine   devDependencies: { vows: '*' },
silly testEngine   name: 'helloworld',
silly testEngine   subdomain: 'helloworld',
silly testEngine   version: '0.0.0',
silly testEngine   _id: 'helloworld@0.0.0',
silly testEngine   engines: { node: '*' },
silly testEngine   _engineSupported: true,
silly testEngine   _npmVersion: '1.0.106',
silly testEngine   _nodeVersion: 'v0.4.7',
silly testEngine   _defaultsLoaded: true }
verbose caching /Users/bdefore/Sync/Code/Sandbox/Node/travis-vows-example/package.json
verbose loadDefaults helloworld@0.0.0
verbose run-script [ 'pretest', 'test', 'posttest' ]
info pretest helloworld@0.0.0
info test helloworld@0.0.0
verbose unsafe-perm in lifecycle true
silly exec sh "-c" "vows test/* --spec"
silly spawning [ 'sh',
silly spawning   [ '-c', 'vows test/* --spec' ],
silly spawning   '/Users/bdefore/Sync/Code/Sandbox/Node/travis-vows-example' ]
info helloworld@0.0.0 Failed to exec test script
ERR! helloworld@0.0.0 test: `vows test/* --spec`
ERR! `sh "-c" "vows test/* --spec"` failed with 1
ERR! 
ERR! Failed at the helloworld@0.0.0 test script.
ERR! This is most likely a problem with the helloworld package,
ERR! not with npm itself.
ERR! Tell the author that this fails on your system:
ERR!     vows test/* --spec
ERR! You can get their info via:
ERR!     npm owner ls helloworld
ERR! There is likely additional logging output above.
ERR! 
ERR! System Darwin 10.8.0
ERR! command "node" "/usr/local/bin/npm" "test"
ERR! cwd /Users/bdefore/Sync/Code/Sandbox/Node/travis-vows-example
ERR! node -v v0.4.7
ERR! npm -v 1.0.106
ERR! code ELIFECYCLE
verbose exit [ 1, true ]
